plugins/plugin-native-contacts/android/build/intermediates/manifest_merge_blame_file/debug/processDebugManifest/manifest-merger-blame-debug-report.txt
1<?xml version="1.0" encoding="utf-8"?>
2<manifest xmlns:android="http://schemas.android.com/apk/res/android"
3    package="ai.eliza.plugins.contacts" >
4
5    <uses-sdk android:minSdkVersion="26" />
5-->INJECTED
5-->INJECTED
6
7    <uses-permission android:name="android.permission.READ_CONTACTS" />
7-->src/main/AndroidManifest.xml:3:5-72
7-->src/main/AndroidManifest.xml:3:22-69
8    <uses-permission android:name="android.permission.WRITE_CONTACTS" />
8-->src/main/AndroidManifest.xml:4:5-73
8-->src/main/AndroidManifest.xml:4:22-70
9
10</manifest>